app/build/intermediates/manifest_merge_blame_file/release/processReleaseMainManifest/manifest-merger-blame-release-report.txt
1<?xml version="1.0" encoding="utf-8"?>
2<manifest xmlns:android="http://schemas.android.com/apk/res/android"
3    package="com.xaulinxs.playbackstudio.retroplayermusic"
4    android:versionCode="1"
5    android:versionName="1.0.0" >
6
7    <uses-sdk
8        android:minSdkVersion="28"
9        android:targetSdkVersion="34" />
10
11    <uses-permission android:name="android.permission.READ_MEDIA_AUDIO" />
11-->src/main/AndroidManifest.xml:5:5-75
11-->src/main/AndroidManifest.xml:5:22-72
12    <uses-permission
12-->src/main/AndroidManifest.xml:6:5-107
13        android:name="android.permission.READ_EXTERNAL_STORAGE"
13-->src/main/AndroidManifest.xml:6:22-77
14        android:maxSdkVersion="32" />
14-->src/main/AndroidManifest.xml:6:78-104
15    <uses-permission
15-->src/main/AndroidManifest.xml:7:5-137
16        android:name="android.permission.WRITE_EXTERNAL_STORAGE"
16-->src/main/AndroidManifest.xml:7:22-78
17        android:maxSdkVersion="29" />
17-->src/main/AndroidManifest.xml:7:79-105
18    <uses-permission android:name="android.permission.MANAGE_EXTERNAL_STORAGE" />
18-->src/main/AndroidManifest.xml:8:5-111
18-->src/main/AndroidManifest.xml:8:22-79
19    <uses-permission android:name="android.permission.FOREGROUND_SERVICE" />
19-->src/main/AndroidManifest.xml:9:5-77
19-->src/main/AndroidManifest.xml:9:22-74
20    <uses-permission android:name="android.permission.FOREGROUND_SERVICE_MEDIA_PLAYBACK" />
20-->src/main/AndroidManifest.xml:10:5-92
20-->src/main/AndroidManifest.xml:10:22-89
21    <uses-permission android:name="android.permission.POST_NOTIFICATIONS" />
21-->src/main/AndroidManifest.xml:11:5-77
21-->src/main/AndroidManifest.xml:11:22-74
22    <uses-permission android:name="android.permission.WAKE_LOCK" />
22-->src/main/AndroidManifest.xml:12:5-68
22-->src/main/AndroidManifest.xml:12:22-65
23    <uses-permission android:name="android.permission.VIBRATE" />
23-->src/main/AndroidManifest.xml:13:5-66
23-->src/main/AndroidManifest.xml:13:22-63
24    <uses-permission android:name="android.permission.RECORD_AUDIO" />
24-->src/main/AndroidManifest.xml:14:5-71
24-->src/main/AndroidManifest.xml:14:22-68
25
26    <attribution
26-->src/main/AndroidManifest.xml:16:5-18:44
27        android:label="@string/app_name"
27-->src/main/AndroidManifest.xml:18:9-41
28        android:tag="default" />
28-->src/main/AndroidManifest.xml:17:9-30
29
30    <permission
30-->[androidx.core:core:1.15.0] AndroidManifest.xml:22:5-24:47
31        android:name="com.xaulinxs.playbackstudio.retroplayermusic.DYNAMIC_RECEIVER_NOT_EXPORTED_PERMISSION"
31-->[androidx.core:core:1.15.0] AndroidManifest.xml:23:9-81
32        android:protectionLevel="signature" />
32-->[androidx.core:core:1.15.0] AndroidManifest.xml:24:9-44
33
34    <uses-permission android:name="com.xaulinxs.playbackstudio.retroplayermusic.DYNAMIC_RECEIVER_NOT_EXPORTED_PERMISSION" />
34-->[androidx.core:core:1.15.0] AndroidManifest.xml:26:5-97
34-->[androidx.core:core:1.15.0] AndroidManifest.xml:26:22-94
35
36    <application
36-->src/main/AndroidManifest.xml:20:5-98:19
37        android:allowBackup="true"
37-->src/main/AndroidManifest.xml:21:9-35
38        android:appComponentFactory="androidx.core.app.CoreComponentFactory"
38-->[androidx.core:core:1.15.0] AndroidManifest.xml:28:18-86
39        android:dataExtractionRules="@xml/data_extraction_rules"
39-->src/main/AndroidManifest.xml:22:9-65
40        android:extractNativeLibs="false"
41        android:fullBackupContent="@xml/backup_rules"
41-->src/main/AndroidManifest.xml:23:9-54
42        android:icon="@mipmap/ic_launcher"
42-->src/main/AndroidManifest.xml:24:9-43
43        android:label="@string/app_name"
43-->src/main/AndroidManifest.xml:25:9-41
44        android:roundIcon="@mipmap/ic_launcher_round"
44-->src/main/AndroidManifest.xml:26:9-54
45        android:supportsRtl="true"
45-->src/main/AndroidManifest.xml:27:9-35
46        android:theme="@style/Theme.MyApplication" >
46-->src/main/AndroidManifest.xml:28:9-51
47        <activity
47-->src/main/AndroidManifest.xml:30:9-40:20
48            android:name="com.example.MainActivity"
48-->src/main/AndroidManifest.xml:31:13-41
49            android:exported="true"
49-->src/main/AndroidManifest.xml:32:13-36
50            android:label="@string/app_name"
50-->src/main/AndroidManifest.xml:33:13-45
51            android:launchMode="singleTop"
51-->src/main/AndroidManifest.xml:35:13-43
52            android:theme="@style/Theme.MyApplication" >
52-->src/main/AndroidManifest.xml:34:13-55
53            <intent-filter>
53-->src/main/AndroidManifest.xml:36:13-39:29
54                <action android:name="android.intent.action.MAIN" />
54-->src/main/AndroidManifest.xml:37:17-69
54-->src/main/AndroidManifest.xml:37:25-66
55
56                <category android:name="android.intent.category.LAUNCHER" />
56-->src/main/AndroidManifest.xml:38:17-77
56-->src/main/AndroidManifest.xml:38:27-74
57            </intent-filter>
58        </activity>
59
60        <service
60-->src/main/AndroidManifest.xml:42:9-46:61
61            android:name="com.example.playback.PlaybackService"
61-->src/main/AndroidManifest.xml:43:13-53
62            android:enabled="true"
62-->src/main/AndroidManifest.xml:44:13-35
63            android:exported="false"
63-->src/main/AndroidManifest.xml:45:13-37
64            android:foregroundServiceType="mediaPlayback" />
64-->src/main/AndroidManifest.xml:46:13-58
65
66        <!-- Widget 1: Receiver Compact (4x2 Não Expansível) -->
67        <receiver
67-->src/main/AndroidManifest.xml:49:9-62:20
68            android:name="com.example.widgets.ReceiverWidgetProvider"
68-->src/main/AndroidManifest.xml:50:13-59
69            android:exported="true"
69-->src/main/AndroidManifest.xml:51:13-36
70            android:label="Estúdio Receiver Compacto 4x2" >
70-->src/main/AndroidManifest.xml:52:13-58
71            <intent-filter>
71-->src/main/AndroidManifest.xml:53:13-58:29
72                <action android:name="android.appwidget.action.APPWIDGET_UPDATE" />
72-->src/main/AndroidManifest.xml:54:17-84
72-->src/main/AndroidManifest.xml:54:25-81
73                <action android:name="com.example.widgets.ACTION_PLAY_PAUSE" />
73-->src/main/AndroidManifest.xml:55:17-80
73-->src/main/AndroidManifest.xml:55:25-77
74                <action android:name="com.example.widgets.ACTION_NEXT" />
74-->src/main/AndroidManifest.xml:56:17-74
74-->src/main/AndroidManifest.xml:56:25-71
75                <action android:name="com.example.widgets.ACTION_PREV" />
75-->src/main/AndroidManifest.xml:57:17-74
75-->src/main/AndroidManifest.xml:57:25-71
76            </intent-filter>
77
78            <meta-data
78-->src/main/AndroidManifest.xml:59:13-61:64
79                android:name="android.appwidget.provider"
79-->src/main/AndroidManifest.xml:60:17-58
80                android:resource="@xml/receiver_widget_info" />
80-->src/main/AndroidManifest.xml:61:17-61
81        </receiver>
82
83        <!-- Widget 2: Full Controls (4x3 Expansível) -->
84        <receiver
84-->src/main/AndroidManifest.xml:65:9-80:20
85            android:name="com.example.widgets.FullControlsWidgetProvider"
85-->src/main/AndroidManifest.xml:66:13-63
86            android:exported="true"
86-->src/main/AndroidManifest.xml:67:13-36
87            android:label="Estúdio Hi-Fi Controles 4x3" >
87-->src/main/AndroidManifest.xml:68:13-56
88            <intent-filter>
88-->src/main/AndroidManifest.xml:69:13-76:29
89                <action android:name="android.appwidget.action.APPWIDGET_UPDATE" />
89-->src/main/AndroidManifest.xml:54:17-84
89-->src/main/AndroidManifest.xml:54:25-81
90                <action android:name="com.example.widgets.FULL_PLAY_PAUSE" />
90-->src/main/AndroidManifest.xml:71:17-78
90-->src/main/AndroidManifest.xml:71:25-75
91                <action android:name="com.example.widgets.FULL_NEXT" />
91-->src/main/AndroidManifest.xml:72:17-72
91-->src/main/AndroidManifest.xml:72:25-69
92                <action android:name="com.example.widgets.FULL_PREV" />
92-->src/main/AndroidManifest.xml:73:17-72
92-->src/main/AndroidManifest.xml:73:25-69
93                <action android:name="com.example.widgets.FULL_REWIND" />
93-->src/main/AndroidManifest.xml:74:17-74
93-->src/main/AndroidManifest.xml:74:25-71
94                <action android:name="com.example.widgets.FULL_FFWD" />
94-->src/main/AndroidManifest.xml:75:17-72
94-->src/main/AndroidManifest.xml:75:25-69
95            </intent-filter>
96
97            <meta-data
97-->src/main/AndroidManifest.xml:59:13-61:64
98                android:name="android.appwidget.provider"
98-->src/main/AndroidManifest.xml:60:17-58
99                android:resource="@xml/widget_full_controls_info" />
99-->src/main/AndroidManifest.xml:61:17-61
100        </receiver>
101
102        <!-- Widget 3: Queue & Up Next (4x3 Expansível) -->
103        <receiver
103-->src/main/AndroidManifest.xml:83:9-96:20
104            android:name="com.example.widgets.QueueWidgetProvider"
104-->src/main/AndroidManifest.xml:84:13-56
105            android:exported="true"
105-->src/main/AndroidManifest.xml:85:13-36
106            android:label="Estúdio Fila &amp; Up Next 4x3" >
106-->src/main/AndroidManifest.xml:86:13-59
107            <intent-filter>
107-->src/main/AndroidManifest.xml:87:13-92:29
108                <action android:name="android.appwidget.action.APPWIDGET_UPDATE" />
108-->src/main/AndroidManifest.xml:54:17-84
108-->src/main/AndroidManifest.xml:54:25-81
109                <action android:name="com.example.widgets.QUEUE_PLAY_PAUSE" />
109-->src/main/AndroidManifest.xml:89:17-79
109-->src/main/AndroidManifest.xml:89:25-76
110                <action android:name="com.example.widgets.QUEUE_NEXT" />
110-->src/main/AndroidManifest.xml:90:17-73
110-->src/main/AndroidManifest.xml:90:25-70
111                <action android:name="com.example.widgets.QUEUE_PREV" />
111-->src/main/AndroidManifest.xml:91:17-73
111-->src/main/AndroidManifest.xml:91:25-70
112            </intent-filter>
113
114            <meta-data
114-->src/main/AndroidManifest.xml:59:13-61:64
115                android:name="android.appwidget.provider"
115-->src/main/AndroidManifest.xml:60:17-58
116                android:resource="@xml/widget_queue_info" />
116-->src/main/AndroidManifest.xml:61:17-61
117        </receiver>
118
119        <provider
119-->[androidx.emoji2:emoji2:1.3.0] AndroidManifest.xml:24:9-32:20
120            android:name="androidx.startup.InitializationProvider"
120-->[androidx.emoji2:emoji2:1.3.0] AndroidManifest.xml:25:13-67
121            android:authorities="com.xaulinxs.playbackstudio.retroplayermusic.androidx-startup"
121-->[androidx.emoji2:emoji2:1.3.0] AndroidManifest.xml:26:13-68
122            android:exported="false" >
122-->[androidx.emoji2:emoji2:1.3.0] AndroidManifest.xml:27:13-37
123            <meta-data
123-->[androidx.emoji2:emoji2:1.3.0] AndroidManifest.xml:29:13-31:52
124                android:name="androidx.emoji2.text.EmojiCompatInitializer"
124-->[androidx.emoji2:emoji2:1.3.0] AndroidManifest.xml:30:17-75
125                android:value="androidx.startup" />
125-->[androidx.emoji2:emoji2:1.3.0] AndroidManifest.xml:31:17-49
126            <meta-data
126-->[androidx.lifecycle:lifecycle-process:2.8.7] AndroidManifest.xml:29:13-31:52
127                android:name="androidx.lifecycle.ProcessLifecycleInitializer"
127-->[androidx.lifecycle:lifecycle-process:2.8.7] AndroidManifest.xml:30:17-78
128                android:value="androidx.startup" />
128-->[androidx.lifecycle:lifecycle-process:2.8.7] AndroidManifest.xml:31:17-49
129            <meta-data
129-->[androidx.profileinstaller:profileinstaller:1.3.1] AndroidManifest.xml:29:13-31:52
130                android:name="androidx.profileinstaller.ProfileInstallerInitializer"
130-->[androidx.profileinstaller:profileinstaller:1.3.1] AndroidManifest.xml:30:17-85
131                android:value="androidx.startup" />
131-->[androidx.profileinstaller:profileinstaller:1.3.1] AndroidManifest.xml:31:17-49
132        </provider>
133
134        <service
134-->[androidx.room:room-runtime-android:2.7.0] AndroidManifest.xml:24:9-28:63
135            android:name="androidx.room.MultiInstanceInvalidationService"
135-->[androidx.room:room-runtime-android:2.7.0] AndroidManifest.xml:25:13-74
136            android:directBootAware="true"
136-->[androidx.room:room-runtime-android:2.7.0] AndroidManifest.xml:26:13-43
137            android:exported="false" />
137-->[androidx.room:room-runtime-android:2.7.0] AndroidManifest.xml:27:13-37
138
139        <receiver
139-->[androidx.profileinstaller:profileinstaller:1.3.1] AndroidManifest.xml:34:9-52:20
140            android:name="androidx.profileinstaller.ProfileInstallReceiver"
140-->[androidx.profileinstaller:profileinstaller:1.3.1] AndroidManifest.xml:35:13-76
141            android:directBootAware="false"
141-->[androidx.profileinstaller:profileinstaller:1.3.1] AndroidManifest.xml:36:13-44
142            android:enabled="true"
142-->[androidx.profileinstaller:profileinstaller:1.3.1] AndroidManifest.xml:37:13-35
143            android:exported="true"
143-->[androidx.profileinstaller:profileinstaller:1.3.1] AndroidManifest.xml:38:13-36
144            android:permission="android.permission.DUMP" >
144-->[androidx.profileinstaller:profileinstaller:1.3.1] AndroidManifest.xml:39:13-57
145            <intent-filter>
145-->[androidx.profileinstaller:profileinstaller:1.3.1] AndroidManifest.xml:40:13-42:29
146                <action android:name="androidx.profileinstaller.action.INSTALL_PROFILE" />
146-->[androidx.profileinstaller:profileinstaller:1.3.1] AndroidManifest.xml:41:17-91
146-->[androidx.profileinstaller:profileinstaller:1.3.1] AndroidManifest.xml:41:25-88
147            </intent-filter>
148            <intent-filter>
148-->[androidx.profileinstaller:profileinstaller:1.3.1] AndroidManifest.xml:43:13-45:29
149                <action android:name="androidx.profileinstaller.action.SKIP_FILE" />
149-->[androidx.profileinstaller:profileinstaller:1.3.1] AndroidManifest.xml:44:17-85
149-->[androidx.profileinstaller:profileinstaller:1.3.1] AndroidManifest.xml:44:25-82
150            </intent-filter>
151            <intent-filter>
151-->[androidx.profileinstaller:profileinstaller:1.3.1] AndroidManifest.xml:46:13-48:29
152                <action android:name="androidx.profileinstaller.action.SAVE_PROFILE" />
152-->[androidx.profileinstaller:profileinstaller:1.3.1] AndroidManifest.xml:47:17-88
152-->[androidx.profileinstaller:profileinstaller:1.3.1] AndroidManifest.xml:47:25-85
153            </intent-filter>
154            <intent-filter>
154-->[androidx.profileinstaller:profileinstaller:1.3.1] AndroidManifest.xml:49:13-51:29
155                <action android:name="androidx.profileinstaller.action.BENCHMARK_OPERATION" />
155-->[androidx.profileinstaller:profileinstaller:1.3.1] AndroidManifest.xml:50:17-95
155-->[androidx.profileinstaller:profileinstaller:1.3.1] AndroidManifest.xml:50:25-92
156            </intent-filter>
157        </receiver>
158    </application>
159
160</manifest>